2008.11.03 23:38 B D:\Projetos\midiasign.com.br\src\skin\classic\icons.psd --> ftp.midiasign.com.br /public_html/src/skin/classic icons.psd
2008.11.03 23:38 B D:\Projetos\midiasign.com.br\src\skin\classic\loading.gif --> ftp.midiasign.com.br /public_html/src/skin/classic loading.gif
2008.11.03 23:38 B D:\Projetos\midiasign.com.br\src\skin\classic\skin.css --> ftp.midiasign.com.br /public_html/src/skin/classic skin.css
2008.11.03 23:38 B D:\Projetos\midiasign.com.br\src\skin\classic\skin.js --> ftp.midiasign.com.br /public_html/src/skin/classic skin.js
2009.07.22 01:42 B D:\sites\Projetos\midiasign.com.br\src\skin\classic\icons.psd --> ftp.bgf.ind.br /public_html/bra/src/skin/classic icons.psd
2009.07.22 01:42 B D:\sites\Projetos\midiasign.com.br\src\skin\classic\loading.gif --> ftp.bgf.ind.br /public_html/bra/src/skin/classic loading.gif
2009.07.22 01:42 B D:\sites\Projetos\midiasign.com.br\src\skin\classic\skin.css --> ftp.bgf.ind.br /public_html/bra/src/skin/classic skin.css
2009.07.22 01:42 B D:\sites\Projetos\midiasign.com.br\src\skin\classic\skin.js --> ftp.bgf.ind.br /public_html/bra/src/skin/classic skin.js
2009.07.27 16:01 B D:\sites\Projetos\midiasign.com.br\src\skin\classic\icons.psd --> ftp.bgf.ind.br /public_html/bra/shadow/src/skin/classic icons.psd
2009.07.27 16:01 B D:\sites\Projetos\midiasign.com.br\src\skin\classic\loading.gif --> ftp.bgf.ind.br /public_html/bra/shadow/src/skin/classic loading.gif
2009.07.27 16:01 B D:\sites\Projetos\midiasign.com.br\src\skin\classic\skin.css --> ftp.bgf.ind.br /public_html/bra/shadow/src/skin/classic skin.css
2009.07.27 16:02 B D:\sites\Projetos\midiasign.com.br\src\skin\classic\skin.js --> ftp.bgf.ind.br /public_html/bra/shadow/src/skin/classic skin.js
2009.07.27 16:02 B D:\sites\Projetos\midiasign.com.br\src\skin\classic\WS_FTP.LOG --> ftp.bgf.ind.br /public_html/bra/shadow/src/skin/classic WS_FTP.LOG
2009.09.28 22:02 B D:\sites\Projetos\statusmodajovem.com.br\src\skin\classic\icons.psd --> ftp.oswaldoaranda.net /oswaldoaranda/Web/clientes/status/src/skin/classic icons.psd
2009.09.28 22:02 B D:\sites\Projetos\statusmodajovem.com.br\src\skin\classic\loading.gif --> ftp.oswaldoaranda.net /oswaldoaranda/Web/clientes/status/src/skin/classic loading.gif
2009.09.28 22:02 B D:\sites\Projetos\statusmodajovem.com.br\src\skin\classic\skin.css --> ftp.oswaldoaranda.net /oswaldoaranda/Web/clientes/status/src/skin/classic skin.css
2009.09.28 22:02 B D:\sites\Projetos\statusmodajovem.com.br\src\skin\classic\skin.js --> ftp.oswaldoaranda.net /oswaldoaranda/Web/clientes/status/src/skin/classic skin.js
2009.09.28 22:02 B D:\sites\Projetos\statusmodajovem.com.br\src\skin\classic\WS_FTP.LOG --> ftp.oswaldoaranda.net /oswaldoaranda/Web/clientes/status/src/skin/classic WS_FTP.LOG
2009.10.06 12:26 B D:\sites\Projetos\statusmodajovem.com.br\src\skin\classic\icons.psd --> ftp.arandaweb.com.br /arandaweb/status/Web/src/skin/classic icons.psd
2009.10.06 12:26 B D:\sites\Projetos\statusmodajovem.com.br\src\skin\classic\loading.gif --> ftp.arandaweb.com.br /arandaweb/status/Web/src/skin/classic loading.gif
2009.10.06 12:26 B D:\sites\Projetos\statusmodajovem.com.br\src\skin\classic\skin.css --> ftp.arandaweb.com.br /arandaweb/status/Web/src/skin/classic skin.css
2009.10.06 12:26 B D:\sites\Projetos\statusmodajovem.com.br\src\skin\classic\skin.js --> ftp.arandaweb.com.br /arandaweb/status/Web/src/skin/classic skin.js
2009.10.06 12:26 B D:\sites\Projetos\statusmodajovem.com.br\src\skin\classic\WS_FTP.LOG --> ftp.arandaweb.com.br /arandaweb/status/Web/src/skin/classic WS_FTP.LOG
