2008.11.03 23:35 B D:\Projetos\midiasign.com.br\src\lang\shadowbox-ar.js --> ftp.midiasign.com.br /public_html/src/lang shadowbox-ar.js
2008.11.03 23:35 B D:\Projetos\midiasign.com.br\src\lang\shadowbox-ca.js --> ftp.midiasign.com.br /public_html/src/lang shadowbox-ca.js
2008.11.03 23:36 B D:\Projetos\midiasign.com.br\src\lang\shadowbox-cs.js --> ftp.midiasign.com.br /public_html/src/lang shadowbox-cs.js
2008.11.03 23:36 B D:\Projetos\midiasign.com.br\src\lang\shadowbox-de-CH.js --> ftp.midiasign.com.br /public_html/src/lang shadowbox-de-CH.js
2008.11.03 23:36 B D:\Projetos\midiasign.com.br\src\lang\shadowbox-de-DE.js --> ftp.midiasign.com.br /public_html/src/lang shadowbox-de-DE.js
2008.11.03 23:36 B D:\Projetos\midiasign.com.br\src\lang\shadowbox-en.js --> ftp.midiasign.com.br /public_html/src/lang shadowbox-en.js
2008.11.03 23:36 B D:\Projetos\midiasign.com.br\src\lang\shadowbox-es.js --> ftp.midiasign.com.br /public_html/src/lang shadowbox-es.js
2008.11.03 23:36 B D:\Projetos\midiasign.com.br\src\lang\shadowbox-et.js --> ftp.midiasign.com.br /public_html/src/lang shadowbox-et.js
2008.11.03 23:36 B D:\Projetos\midiasign.com.br\src\lang\shadowbox-fi.js --> ftp.midiasign.com.br /public_html/src/lang shadowbox-fi.js
2008.11.03 23:36 B D:\Projetos\midiasign.com.br\src\lang\shadowbox-fr.js --> ftp.midiasign.com.br /public_html/src/lang shadowbox-fr.js
2008.11.03 23:36 B D:\Projetos\midiasign.com.br\src\lang\shadowbox-gl.js --> ftp.midiasign.com.br /public_html/src/lang shadowbox-gl.js
2008.11.03 23:36 B D:\Projetos\midiasign.com.br\src\lang\shadowbox-he.js --> ftp.midiasign.com.br /public_html/src/lang shadowbox-he.js
2008.11.03 23:36 B D:\Projetos\midiasign.com.br\src\lang\shadowbox-id.js --> ftp.midiasign.com.br /public_html/src/lang shadowbox-id.js
2008.11.03 23:36 B D:\Projetos\midiasign.com.br\src\lang\shadowbox-is.js --> ftp.midiasign.com.br /public_html/src/lang shadowbox-is.js
2008.11.03 23:36 B D:\Projetos\midiasign.com.br\src\lang\shadowbox-it.js --> ftp.midiasign.com.br /public_html/src/lang shadowbox-it.js
2008.11.03 23:36 B D:\Projetos\midiasign.com.br\src\lang\shadowbox-ko.js --> ftp.midiasign.com.br /public_html/src/lang shadowbox-ko.js
2008.11.03 23:36 B D:\Projetos\midiasign.com.br\src\lang\shadowbox-my.js --> ftp.midiasign.com.br /public_html/src/lang shadowbox-my.js
2008.11.03 23:36 B D:\Projetos\midiasign.com.br\src\lang\shadowbox-nl.js --> ftp.midiasign.com.br /public_html/src/lang shadowbox-nl.js
2008.11.03 23:36 B D:\Projetos\midiasign.com.br\src\lang\shadowbox-no.js --> ftp.midiasign.com.br /public_html/src/lang shadowbox-no.js
2008.11.03 23:36 B D:\Projetos\midiasign.com.br\src\lang\shadowbox-pl.js --> ftp.midiasign.com.br /public_html/src/lang shadowbox-pl.js
2008.11.03 23:37 B D:\Projetos\midiasign.com.br\src\lang\shadowbox-pt-BR.js --> ftp.midiasign.com.br /public_html/src/lang shadowbox-pt-BR.js
2008.11.03 23:37 B D:\Projetos\midiasign.com.br\src\lang\shadowbox-pt-PT.js --> ftp.midiasign.com.br /public_html/src/lang shadowbox-pt-PT.js
2008.11.03 23:37 B D:\Projetos\midiasign.com.br\src\lang\shadowbox-ro.js --> ftp.midiasign.com.br /public_html/src/lang shadowbox-ro.js
2008.11.03 23:37 B D:\Projetos\midiasign.com.br\src\lang\shadowbox-ru.js --> ftp.midiasign.com.br /public_html/src/lang shadowbox-ru.js
2008.11.03 23:37 B D:\Projetos\midiasign.com.br\src\lang\shadowbox-sk.js --> ftp.midiasign.com.br /public_html/src/lang shadowbox-sk.js
2008.11.03 23:37 B D:\Projetos\midiasign.com.br\src\lang\shadowbox-sv.js --> ftp.midiasign.com.br /public_html/src/lang shadowbox-sv.js
2008.11.03 23:37 B D:\Projetos\midiasign.com.br\src\lang\shadowbox-tr.js --> ftp.midiasign.com.br /public_html/src/lang shadowbox-tr.js
2008.11.03 23:37 B D:\Projetos\midiasign.com.br\src\lang\shadowbox-zh-CN.js --> ftp.midiasign.com.br /public_html/src/lang shadowbox-zh-CN.js
2008.11.03 23:37 B D:\Projetos\midiasign.com.br\src\lang\shadowbox-zh-TW.js --> ftp.midiasign.com.br /public_html/src/lang shadowbox-zh-TW.js
2009.07.22 01:37 B D:\sites\Projetos\midiasign.com.br\src\lang\shadowbox-ar.js --> ftp.bgf.ind.br /public_html/bra/src/lang shadowbox-ar.js
2009.07.22 01:37 B D:\sites\Projetos\midiasign.com.br\src\lang\shadowbox-ca.js --> ftp.bgf.ind.br /public_html/bra/src/lang shadowbox-ca.js
2009.07.22 01:37 B D:\sites\Projetos\midiasign.com.br\src\lang\shadowbox-cs.js --> ftp.bgf.ind.br /public_html/bra/src/lang shadowbox-cs.js
2009.07.22 01:37 B D:\sites\Projetos\midiasign.com.br\src\lang\shadowbox-de-CH.js --> ftp.bgf.ind.br /public_html/bra/src/lang shadowbox-de-CH.js
2009.07.22 01:37 B D:\sites\Projetos\midiasign.com.br\src\lang\shadowbox-de-DE.js --> ftp.bgf.ind.br /public_html/bra/src/lang shadowbox-de-DE.js
2009.07.22 01:37 B D:\sites\Projetos\midiasign.com.br\src\lang\shadowbox-en.js --> ftp.bgf.ind.br /public_html/bra/src/lang shadowbox-en.js
2009.07.22 01:37 B D:\sites\Projetos\midiasign.com.br\src\lang\shadowbox-es.js --> ftp.bgf.ind.br /public_html/bra/src/lang shadowbox-es.js
2009.07.22 01:37 B D:\sites\Projetos\midiasign.com.br\src\lang\shadowbox-et.js --> ftp.bgf.ind.br /public_html/bra/src/lang shadowbox-et.js
2009.07.22 01:37 B D:\sites\Projetos\midiasign.com.br\src\lang\shadowbox-fi.js --> ftp.bgf.ind.br /public_html/bra/src/lang shadowbox-fi.js
2009.07.22 01:37 B D:\sites\Projetos\midiasign.com.br\src\lang\shadowbox-fr.js --> ftp.bgf.ind.br /public_html/bra/src/lang shadowbox-fr.js
2009.07.22 01:37 B D:\sites\Projetos\midiasign.com.br\src\lang\shadowbox-gl.js --> ftp.bgf.ind.br /public_html/bra/src/lang shadowbox-gl.js
2009.07.22 01:37 B D:\sites\Projetos\midiasign.com.br\src\lang\shadowbox-he.js --> ftp.bgf.ind.br /public_html/bra/src/lang shadowbox-he.js
2009.07.22 01:37 B D:\sites\Projetos\midiasign.com.br\src\lang\shadowbox-id.js --> ftp.bgf.ind.br /public_html/bra/src/lang shadowbox-id.js
2009.07.22 01:37 B D:\sites\Projetos\midiasign.com.br\src\lang\shadowbox-is.js --> ftp.bgf.ind.br /public_html/bra/src/lang shadowbox-is.js
2009.07.22 01:38 B D:\sites\Projetos\midiasign.com.br\src\lang\shadowbox-it.js --> ftp.bgf.ind.br /public_html/bra/src/lang shadowbox-it.js
2009.07.22 01:38 B D:\sites\Projetos\midiasign.com.br\src\lang\shadowbox-ko.js --> ftp.bgf.ind.br /public_html/bra/src/lang shadowbox-ko.js
2009.07.22 01:38 B D:\sites\Projetos\midiasign.com.br\src\lang\shadowbox-my.js --> ftp.bgf.ind.br /public_html/bra/src/lang shadowbox-my.js
2009.07.22 01:38 B D:\sites\Projetos\midiasign.com.br\src\lang\shadowbox-nl.js --> ftp.bgf.ind.br /public_html/bra/src/lang shadowbox-nl.js
2009.07.22 01:38 B D:\sites\Projetos\midiasign.com.br\src\lang\shadowbox-no.js --> ftp.bgf.ind.br /public_html/bra/src/lang shadowbox-no.js
2009.07.22 01:38 B D:\sites\Projetos\midiasign.com.br\src\lang\shadowbox-pl.js --> ftp.bgf.ind.br /public_html/bra/src/lang shadowbox-pl.js
2009.07.22 01:38 B D:\sites\Projetos\midiasign.com.br\src\lang\shadowbox-pt-BR.js --> ftp.bgf.ind.br /public_html/bra/src/lang shadowbox-pt-BR.js
2009.07.22 01:38 B D:\sites\Projetos\midiasign.com.br\src\lang\shadowbox-pt-PT.js --> ftp.bgf.ind.br /public_html/bra/src/lang shadowbox-pt-PT.js
2009.07.22 01:38 B D:\sites\Projetos\midiasign.com.br\src\lang\shadowbox-ro.js --> ftp.bgf.ind.br /public_html/bra/src/lang shadowbox-ro.js
2009.07.22 01:38 B D:\sites\Projetos\midiasign.com.br\src\lang\shadowbox-ru.js --> ftp.bgf.ind.br /public_html/bra/src/lang shadowbox-ru.js
2009.07.22 01:38 B D:\sites\Projetos\midiasign.com.br\src\lang\shadowbox-sk.js --> ftp.bgf.ind.br /public_html/bra/src/lang shadowbox-sk.js
2009.07.22 01:38 B D:\sites\Projetos\midiasign.com.br\src\lang\shadowbox-sv.js --> ftp.bgf.ind.br /public_html/bra/src/lang shadowbox-sv.js
2009.07.22 01:38 B D:\sites\Projetos\midiasign.com.br\src\lang\shadowbox-tr.js --> ftp.bgf.ind.br /public_html/bra/src/lang shadowbox-tr.js
2009.07.22 01:38 B D:\sites\Projetos\midiasign.com.br\src\lang\shadowbox-zh-CN.js --> ftp.bgf.ind.br /public_html/bra/src/lang shadowbox-zh-CN.js
2009.07.22 01:38 B D:\sites\Projetos\midiasign.com.br\src\lang\shadowbox-zh-TW.js --> ftp.bgf.ind.br /public_html/bra/src/lang shadowbox-zh-TW.js
2009.07.22 01:38 B D:\sites\Projetos\midiasign.com.br\src\lang\WS_FTP.LOG --> ftp.bgf.ind.br /public_html/bra/src/lang WS_FTP.LOG
2009.07.27 16:01 B D:\sites\Projetos\midiasign.com.br\src\lang\shadowbox-ar.js --> ftp.bgf.ind.br /public_html/bra/shadow/src/lang shadowbox-ar.js
2009.07.27 16:01 B D:\sites\Projetos\midiasign.com.br\src\lang\shadowbox-ca.js --> ftp.bgf.ind.br /public_html/bra/shadow/src/lang shadowbox-ca.js
2009.07.27 16:01 B D:\sites\Projetos\midiasign.com.br\src\lang\shadowbox-cs.js --> ftp.bgf.ind.br /public_html/bra/shadow/src/lang shadowbox-cs.js
2009.07.27 16:01 B D:\sites\Projetos\midiasign.com.br\src\lang\shadowbox-de-CH.js --> ftp.bgf.ind.br /public_html/bra/shadow/src/lang shadowbox-de-CH.js
2009.07.27 16:01 B D:\sites\Projetos\midiasign.com.br\src\lang\shadowbox-de-DE.js --> ftp.bgf.ind.br /public_html/bra/shadow/src/lang shadowbox-de-DE.js
2009.07.27 16:01 B D:\sites\Projetos\midiasign.com.br\src\lang\shadowbox-en.js --> ftp.bgf.ind.br /public_html/bra/shadow/src/lang shadowbox-en.js
2009.07.27 16:01 B D:\sites\Projetos\midiasign.com.br\src\lang\shadowbox-es.js --> ftp.bgf.ind.br /public_html/bra/shadow/src/lang shadowbox-es.js
2009.07.27 16:01 B D:\sites\Projetos\midiasign.com.br\src\lang\shadowbox-et.js --> ftp.bgf.ind.br /public_html/bra/shadow/src/lang shadowbox-et.js
2009.07.27 16:01 B D:\sites\Projetos\midiasign.com.br\src\lang\shadowbox-fi.js --> ftp.bgf.ind.br /public_html/bra/shadow/src/lang shadowbox-fi.js
2009.07.27 16:01 B D:\sites\Projetos\midiasign.com.br\src\lang\shadowbox-fr.js --> ftp.bgf.ind.br /public_html/bra/shadow/src/lang shadowbox-fr.js
2009.07.27 16:01 B D:\sites\Projetos\midiasign.com.br\src\lang\shadowbox-gl.js --> ftp.bgf.ind.br /public_html/bra/shadow/src/lang shadowbox-gl.js
2009.07.27 16:01 B D:\sites\Projetos\midiasign.com.br\src\lang\shadowbox-he.js --> ftp.bgf.ind.br /public_html/bra/shadow/src/lang shadowbox-he.js
2009.07.27 16:01 B D:\sites\Projetos\midiasign.com.br\src\lang\shadowbox-id.js --> ftp.bgf.ind.br /public_html/bra/shadow/src/lang shadowbox-id.js
2009.07.27 16:01 B D:\sites\Projetos\midiasign.com.br\src\lang\shadowbox-is.js --> ftp.bgf.ind.br /public_html/bra/shadow/src/lang shadowbox-is.js
2009.07.27 16:01 B D:\sites\Projetos\midiasign.com.br\src\lang\shadowbox-it.js --> ftp.bgf.ind.br /public_html/bra/shadow/src/lang shadowbox-it.js
2009.07.27 16:01 B D:\sites\Projetos\midiasign.com.br\src\lang\shadowbox-ko.js --> ftp.bgf.ind.br /public_html/bra/shadow/src/lang shadowbox-ko.js
2009.07.27 16:01 B D:\sites\Projetos\midiasign.com.br\src\lang\shadowbox-my.js --> ftp.bgf.ind.br /public_html/bra/shadow/src/lang shadowbox-my.js
2009.07.27 16:01 B D:\sites\Projetos\midiasign.com.br\src\lang\shadowbox-nl.js --> ftp.bgf.ind.br /public_html/bra/shadow/src/lang shadowbox-nl.js
2009.07.27 16:01 B D:\sites\Projetos\midiasign.com.br\src\lang\shadowbox-no.js --> ftp.bgf.ind.br /public_html/bra/shadow/src/lang shadowbox-no.js
2009.07.27 16:01 B D:\sites\Projetos\midiasign.com.br\src\lang\shadowbox-pl.js --> ftp.bgf.ind.br /public_html/bra/shadow/src/lang shadowbox-pl.js
2009.07.27 16:01 B D:\sites\Projetos\midiasign.com.br\src\lang\shadowbox-pt-BR.js --> ftp.bgf.ind.br /public_html/bra/shadow/src/lang shadowbox-pt-BR.js
2009.07.27 16:01 B D:\sites\Projetos\midiasign.com.br\src\lang\shadowbox-pt-PT.js --> ftp.bgf.ind.br /public_html/bra/shadow/src/lang shadowbox-pt-PT.js
2009.07.27 16:01 B D:\sites\Projetos\midiasign.com.br\src\lang\shadowbox-ro.js --> ftp.bgf.ind.br /public_html/bra/shadow/src/lang shadowbox-ro.js
2009.07.27 16:01 B D:\sites\Projetos\midiasign.com.br\src\lang\shadowbox-ru.js --> ftp.bgf.ind.br /public_html/bra/shadow/src/lang shadowbox-ru.js
2009.07.27 16:01 B D:\sites\Projetos\midiasign.com.br\src\lang\shadowbox-sk.js --> ftp.bgf.ind.br /public_html/bra/shadow/src/lang shadowbox-sk.js
2009.07.27 16:01 B D:\sites\Projetos\midiasign.com.br\src\lang\shadowbox-sv.js --> ftp.bgf.ind.br /public_html/bra/shadow/src/lang shadowbox-sv.js
2009.07.27 16:01 B D:\sites\Projetos\midiasign.com.br\src\lang\shadowbox-tr.js --> ftp.bgf.ind.br /public_html/bra/shadow/src/lang shadowbox-tr.js
2009.07.27 16:01 B D:\sites\Projetos\midiasign.com.br\src\lang\shadowbox-zh-CN.js --> ftp.bgf.ind.br /public_html/bra/shadow/src/lang shadowbox-zh-CN.js
2009.07.27 16:01 B D:\sites\Projetos\midiasign.com.br\src\lang\shadowbox-zh-TW.js --> ftp.bgf.ind.br /public_html/bra/shadow/src/lang shadowbox-zh-TW.js
2009.07.27 16:01 B D:\sites\Projetos\midiasign.com.br\src\lang\WS_FTP.LOG --> ftp.bgf.ind.br /public_html/bra/shadow/src/lang WS_FTP.LOG
2009.09.28 22:01 B D:\sites\Projetos\statusmodajovem.com.br\src\lang\shadowbox-ar.js --> ftp.oswaldoaranda.net /oswaldoaranda/Web/clientes/status/src/lang shadowbox-ar.js
2009.09.28 22:01 B D:\sites\Projetos\statusmodajovem.com.br\src\lang\shadowbox-ca.js --> ftp.oswaldoaranda.net /oswaldoaranda/Web/clientes/status/src/lang shadowbox-ca.js
2009.09.28 22:01 B D:\sites\Projetos\statusmodajovem.com.br\src\lang\shadowbox-cs.js --> ftp.oswaldoaranda.net /oswaldoaranda/Web/clientes/status/src/lang shadowbox-cs.js
2009.09.28 22:01 B D:\sites\Projetos\statusmodajovem.com.br\src\lang\shadowbox-de-CH.js --> ftp.oswaldoaranda.net /oswaldoaranda/Web/clientes/status/src/lang shadowbox-de-CH.js
2009.09.28 22:01 B D:\sites\Projetos\statusmodajovem.com.br\src\lang\shadowbox-de-DE.js --> ftp.oswaldoaranda.net /oswaldoaranda/Web/clientes/status/src/lang shadowbox-de-DE.js
2009.09.28 22:01 B D:\sites\Projetos\statusmodajovem.com.br\src\lang\shadowbox-en.js --> ftp.oswaldoaranda.net /oswaldoaranda/Web/clientes/status/src/lang shadowbox-en.js
2009.09.28 22:01 B D:\sites\Projetos\statusmodajovem.com.br\src\lang\shadowbox-es.js --> ftp.oswaldoaranda.net /oswaldoaranda/Web/clientes/status/src/lang shadowbox-es.js
2009.09.28 22:01 B D:\sites\Projetos\statusmodajovem.com.br\src\lang\shadowbox-et.js --> ftp.oswaldoaranda.net /oswaldoaranda/Web/clientes/status/src/lang shadowbox-et.js
2009.09.28 22:01 B D:\sites\Projetos\statusmodajovem.com.br\src\lang\shadowbox-fi.js --> ftp.oswaldoaranda.net /oswaldoaranda/Web/clientes/status/src/lang shadowbox-fi.js
2009.09.28 22:01 B D:\sites\Projetos\statusmodajovem.com.br\src\lang\shadowbox-fr.js --> ftp.oswaldoaranda.net /oswaldoaranda/Web/clientes/status/src/lang shadowbox-fr.js
2009.09.28 22:01 B D:\sites\Projetos\statusmodajovem.com.br\src\lang\shadowbox-gl.js --> ftp.oswaldoaranda.net /oswaldoaranda/Web/clientes/status/src/lang shadowbox-gl.js
2009.09.28 22:01 B D:\sites\Projetos\statusmodajovem.com.br\src\lang\shadowbox-he.js --> ftp.oswaldoaranda.net /oswaldoaranda/Web/clientes/status/src/lang shadowbox-he.js
2009.09.28 22:01 B D:\sites\Projetos\statusmodajovem.com.br\src\lang\shadowbox-id.js --> ftp.oswaldoaranda.net /oswaldoaranda/Web/clientes/status/src/lang shadowbox-id.js
2009.09.28 22:01 B D:\sites\Projetos\statusmodajovem.com.br\src\lang\shadowbox-is.js --> ftp.oswaldoaranda.net /oswaldoaranda/Web/clientes/status/src/lang shadowbox-is.js
2009.09.28 22:01 B D:\sites\Projetos\statusmodajovem.com.br\src\lang\shadowbox-it.js --> ftp.oswaldoaranda.net /oswaldoaranda/Web/clientes/status/src/lang shadowbox-it.js
2009.09.28 22:01 B D:\sites\Projetos\statusmodajovem.com.br\src\lang\shadowbox-ko.js --> ftp.oswaldoaranda.net /oswaldoaranda/Web/clientes/status/src/lang shadowbox-ko.js
2009.09.28 22:01 B D:\sites\Projetos\statusmodajovem.com.br\src\lang\shadowbox-my.js --> ftp.oswaldoaranda.net /oswaldoaranda/Web/clientes/status/src/lang shadowbox-my.js
2009.09.28 22:01 B D:\sites\Projetos\statusmodajovem.com.br\src\lang\shadowbox-nl.js --> ftp.oswaldoaranda.net /oswaldoaranda/Web/clientes/status/src/lang shadowbox-nl.js
2009.09.28 22:01 B D:\sites\Projetos\statusmodajovem.com.br\src\lang\shadowbox-no.js --> ftp.oswaldoaranda.net /oswaldoaranda/Web/clientes/status/src/lang shadowbox-no.js
2009.09.28 22:01 B D:\sites\Projetos\statusmodajovem.com.br\src\lang\shadowbox-pl.js --> ftp.oswaldoaranda.net /oswaldoaranda/Web/clientes/status/src/lang shadowbox-pl.js
2009.09.28 22:01 B D:\sites\Projetos\statusmodajovem.com.br\src\lang\shadowbox-pt-BR.js --> ftp.oswaldoaranda.net /oswaldoaranda/Web/clientes/status/src/lang shadowbox-pt-BR.js
2009.09.28 22:01 B D:\sites\Projetos\statusmodajovem.com.br\src\lang\shadowbox-pt-PT.js --> ftp.oswaldoaranda.net /oswaldoaranda/Web/clientes/status/src/lang shadowbox-pt-PT.js
2009.09.28 22:01 B D:\sites\Projetos\statusmodajovem.com.br\src\lang\shadowbox-ro.js --> ftp.oswaldoaranda.net /oswaldoaranda/Web/clientes/status/src/lang shadowbox-ro.js
2009.09.28 22:01 B D:\sites\Projetos\statusmodajovem.com.br\src\lang\shadowbox-ru.js --> ftp.oswaldoaranda.net /oswaldoaranda/Web/clientes/status/src/lang shadowbox-ru.js
2009.09.28 22:01 B D:\sites\Projetos\statusmodajovem.com.br\src\lang\shadowbox-sk.js --> ftp.oswaldoaranda.net /oswaldoaranda/Web/clientes/status/src/lang shadowbox-sk.js
2009.09.28 22:01 B D:\sites\Projetos\statusmodajovem.com.br\src\lang\shadowbox-sv.js --> ftp.oswaldoaranda.net /oswaldoaranda/Web/clientes/status/src/lang shadowbox-sv.js
2009.09.28 22:01 B D:\sites\Projetos\statusmodajovem.com.br\src\lang\shadowbox-tr.js --> ftp.oswaldoaranda.net /oswaldoaranda/Web/clientes/status/src/lang shadowbox-tr.js
2009.09.28 22:01 B D:\sites\Projetos\statusmodajovem.com.br\src\lang\shadowbox-zh-CN.js --> ftp.oswaldoaranda.net /oswaldoaranda/Web/clientes/status/src/lang shadowbox-zh-CN.js
2009.09.28 22:01 B D:\sites\Projetos\statusmodajovem.com.br\src\lang\shadowbox-zh-TW.js --> ftp.oswaldoaranda.net /oswaldoaranda/Web/clientes/status/src/lang shadowbox-zh-TW.js
2009.09.28 22:01 B D:\sites\Projetos\statusmodajovem.com.br\src\lang\WS_FTP.LOG --> ftp.oswaldoaranda.net /oswaldoaranda/Web/clientes/status/src/lang WS_FTP.LOG
2009.10.06 12:25 B D:\sites\Projetos\statusmodajovem.com.br\src\lang\shadowbox-ar.js --> ftp.arandaweb.com.br /arandaweb/status/Web/src/lang shadowbox-ar.js
2009.10.06 12:25 B D:\sites\Projetos\statusmodajovem.com.br\src\lang\shadowbox-ca.js --> ftp.arandaweb.com.br /arandaweb/status/Web/src/lang shadowbox-ca.js
2009.10.06 12:25 B D:\sites\Projetos\statusmodajovem.com.br\src\lang\shadowbox-cs.js --> ftp.arandaweb.com.br /arandaweb/status/Web/src/lang shadowbox-cs.js
2009.10.06 12:25 B D:\sites\Projetos\statusmodajovem.com.br\src\lang\shadowbox-de-CH.js --> ftp.arandaweb.com.br /arandaweb/status/Web/src/lang shadowbox-de-CH.js
2009.10.06 12:25 B D:\sites\Projetos\statusmodajovem.com.br\src\lang\shadowbox-de-DE.js --> ftp.arandaweb.com.br /arandaweb/status/Web/src/lang shadowbox-de-DE.js
2009.10.06 12:25 B D:\sites\Projetos\statusmodajovem.com.br\src\lang\shadowbox-en.js --> ftp.arandaweb.com.br /arandaweb/status/Web/src/lang shadowbox-en.js
2009.10.06 12:25 B D:\sites\Projetos\statusmodajovem.com.br\src\lang\shadowbox-es.js --> ftp.arandaweb.com.br /arandaweb/status/Web/src/lang shadowbox-es.js
2009.10.06 12:25 B D:\sites\Projetos\statusmodajovem.com.br\src\lang\shadowbox-et.js --> ftp.arandaweb.com.br /arandaweb/status/Web/src/lang shadowbox-et.js
2009.10.06 12:25 B D:\sites\Projetos\statusmodajovem.com.br\src\lang\shadowbox-fi.js --> ftp.arandaweb.com.br /arandaweb/status/Web/src/lang shadowbox-fi.js
2009.10.06 12:25 B D:\sites\Projetos\statusmodajovem.com.br\src\lang\shadowbox-fr.js --> ftp.arandaweb.com.br /arandaweb/status/Web/src/lang shadowbox-fr.js
2009.10.06 12:25 B D:\sites\Projetos\statusmodajovem.com.br\src\lang\shadowbox-gl.js --> ftp.arandaweb.com.br /arandaweb/status/Web/src/lang shadowbox-gl.js
2009.10.06 12:25 B D:\sites\Projetos\statusmodajovem.com.br\src\lang\shadowbox-he.js --> ftp.arandaweb.com.br /arandaweb/status/Web/src/lang shadowbox-he.js
2009.10.06 12:25 B D:\sites\Projetos\statusmodajovem.com.br\src\lang\shadowbox-id.js --> ftp.arandaweb.com.br /arandaweb/status/Web/src/lang shadowbox-id.js
2009.10.06 12:25 B D:\sites\Projetos\statusmodajovem.com.br\src\lang\shadowbox-is.js --> ftp.arandaweb.com.br /arandaweb/status/Web/src/lang shadowbox-is.js
2009.10.06 12:25 B D:\sites\Projetos\statusmodajovem.com.br\src\lang\shadowbox-it.js --> ftp.arandaweb.com.br /arandaweb/status/Web/src/lang shadowbox-it.js
2009.10.06 12:25 B D:\sites\Projetos\statusmodajovem.com.br\src\lang\shadowbox-ko.js --> ftp.arandaweb.com.br /arandaweb/status/Web/src/lang shadowbox-ko.js
2009.10.06 12:25 B D:\sites\Projetos\statusmodajovem.com.br\src\lang\shadowbox-my.js --> ftp.arandaweb.com.br /arandaweb/status/Web/src/lang shadowbox-my.js
2009.10.06 12:25 B D:\sites\Projetos\statusmodajovem.com.br\src\lang\shadowbox-nl.js --> ftp.arandaweb.com.br /arandaweb/status/Web/src/lang shadowbox-nl.js
2009.10.06 12:25 B D:\sites\Projetos\statusmodajovem.com.br\src\lang\shadowbox-no.js --> ftp.arandaweb.com.br /arandaweb/status/Web/src/lang shadowbox-no.js
2009.10.06 12:25 B D:\sites\Projetos\statusmodajovem.com.br\src\lang\shadowbox-pl.js --> ftp.arandaweb.com.br /arandaweb/status/Web/src/lang shadowbox-pl.js
2009.10.06 12:25 B D:\sites\Projetos\statusmodajovem.com.br\src\lang\shadowbox-pt-BR.js --> ftp.arandaweb.com.br /arandaweb/status/Web/src/lang shadowbox-pt-BR.js
2009.10.06 12:25 B D:\sites\Projetos\statusmodajovem.com.br\src\lang\shadowbox-pt-PT.js --> ftp.arandaweb.com.br /arandaweb/status/Web/src/lang shadowbox-pt-PT.js
2009.10.06 12:25 B D:\sites\Projetos\statusmodajovem.com.br\src\lang\shadowbox-ro.js --> ftp.arandaweb.com.br /arandaweb/status/Web/src/lang shadowbox-ro.js
2009.10.06 12:25 B D:\sites\Projetos\statusmodajovem.com.br\src\lang\shadowbox-ru.js --> ftp.arandaweb.com.br /arandaweb/status/Web/src/lang shadowbox-ru.js
2009.10.06 12:25 B D:\sites\Projetos\statusmodajovem.com.br\src\lang\shadowbox-sk.js --> ftp.arandaweb.com.br /arandaweb/status/Web/src/lang shadowbox-sk.js
2009.10.06 12:25 B D:\sites\Projetos\statusmodajovem.com.br\src\lang\shadowbox-sv.js --> ftp.arandaweb.com.br /arandaweb/status/Web/src/lang shadowbox-sv.js
2009.10.06 12:25 B D:\sites\Projetos\statusmodajovem.com.br\src\lang\shadowbox-tr.js --> ftp.arandaweb.com.br /arandaweb/status/Web/src/lang shadowbox-tr.js
2009.10.06 12:25 B D:\sites\Projetos\statusmodajovem.com.br\src\lang\shadowbox-zh-CN.js --> ftp.arandaweb.com.br /arandaweb/status/Web/src/lang shadowbox-zh-CN.js
2009.10.06 12:25 B D:\sites\Projetos\statusmodajovem.com.br\src\lang\shadowbox-zh-TW.js --> ftp.arandaweb.com.br /arandaweb/status/Web/src/lang shadowbox-zh-TW.js
2009.10.06 12:26 B D:\sites\Projetos\statusmodajovem.com.br\src\lang\WS_FTP.LOG --> ftp.arandaweb.com.br /arandaweb/status/Web/src/lang WS_FTP.LOG
