2008.11.03 23:38 B D:\Projetos\midiasign.com.br\src\skin\classic\icons\close.png --> ftp.midiasign.com.br /public_html/src/skin/classic/icons close.png
2008.11.03 23:38 B D:\Projetos\midiasign.com.br\src\skin\classic\icons\next.png --> ftp.midiasign.com.br /public_html/src/skin/classic/icons next.png
2008.11.03 23:38 B D:\Projetos\midiasign.com.br\src\skin\classic\icons\pause.png --> ftp.midiasign.com.br /public_html/src/skin/classic/icons pause.png
2008.11.03 23:38 B D:\Projetos\midiasign.com.br\src\skin\classic\icons\play.png --> ftp.midiasign.com.br /public_html/src/skin/classic/icons play.png
2008.11.03 23:38 B D:\Projetos\midiasign.com.br\src\skin\classic\icons\previous.png --> ftp.midiasign.com.br /public_html/src/skin/classic/icons previous.png
2009.07.22 01:40 B D:\sites\Projetos\midiasign.com.br\src\skin\classic\icons\close.png --> ftp.bgf.ind.br /public_html/bra/src/skin/classic/icons close.png
2009.07.22 01:41 B D:\sites\Projetos\midiasign.com.br\src\skin\classic\icons\next.png --> ftp.bgf.ind.br /public_html/bra/src/skin/classic/icons next.png
2009.07.22 01:41 B D:\sites\Projetos\midiasign.com.br\src\skin\classic\icons\pause.png --> ftp.bgf.ind.br /public_html/bra/src/skin/classic/icons pause.png
2009.07.22 01:41 B D:\sites\Projetos\midiasign.com.br\src\skin\classic\icons\play.png --> ftp.bgf.ind.br /public_html/bra/src/skin/classic/icons play.png
2009.07.22 01:42 B D:\sites\Projetos\midiasign.com.br\src\skin\classic\icons\previous.png --> ftp.bgf.ind.br /public_html/bra/src/skin/classic/icons previous.png
2009.07.27 16:01 B D:\sites\Projetos\midiasign.com.br\src\skin\classic\icons\close.png --> ftp.bgf.ind.br /public_html/bra/shadow/src/skin/classic/icons close.png
2009.07.27 16:01 B D:\sites\Projetos\midiasign.com.br\src\skin\classic\icons\next.png --> ftp.bgf.ind.br /public_html/bra/shadow/src/skin/classic/icons next.png
2009.07.27 16:01 B D:\sites\Projetos\midiasign.com.br\src\skin\classic\icons\pause.png --> ftp.bgf.ind.br /public_html/bra/shadow/src/skin/classic/icons pause.png
2009.07.27 16:01 B D:\sites\Projetos\midiasign.com.br\src\skin\classic\icons\play.png --> ftp.bgf.ind.br /public_html/bra/shadow/src/skin/classic/icons play.png
2009.07.27 16:01 B D:\sites\Projetos\midiasign.com.br\src\skin\classic\icons\previous.png --> ftp.bgf.ind.br /public_html/bra/shadow/src/skin/classic/icons previous.png
2009.07.27 16:01 B D:\sites\Projetos\midiasign.com.br\src\skin\classic\icons\WS_FTP.LOG --> ftp.bgf.ind.br /public_html/bra/shadow/src/skin/classic/icons WS_FTP.LOG
2009.09.28 22:01 B D:\sites\Projetos\statusmodajovem.com.br\src\skin\classic\icons\close.png --> ftp.oswaldoaranda.net /oswaldoaranda/Web/clientes/status/src/skin/classic/icons close.png
2009.09.28 22:01 B D:\sites\Projetos\statusmodajovem.com.br\src\skin\classic\icons\next.png --> ftp.oswaldoaranda.net /oswaldoaranda/Web/clientes/status/src/skin/classic/icons next.png
2009.09.28 22:01 B D:\sites\Projetos\statusmodajovem.com.br\src\skin\classic\icons\pause.png --> ftp.oswaldoaranda.net /oswaldoaranda/Web/clientes/status/src/skin/classic/icons pause.png
2009.09.28 22:01 B D:\sites\Projetos\statusmodajovem.com.br\src\skin\classic\icons\play.png --> ftp.oswaldoaranda.net /oswaldoaranda/Web/clientes/status/src/skin/classic/icons play.png
2009.09.28 22:01 B D:\sites\Projetos\statusmodajovem.com.br\src\skin\classic\icons\previous.png --> ftp.oswaldoaranda.net /oswaldoaranda/Web/clientes/status/src/skin/classic/icons previous.png
2009.09.28 22:01 B D:\sites\Projetos\statusmodajovem.com.br\src\skin\classic\icons\WS_FTP.LOG --> ftp.oswaldoaranda.net /oswaldoaranda/Web/clientes/status/src/skin/classic/icons WS_FTP.LOG
2009.10.06 12:26 B D:\sites\Projetos\statusmodajovem.com.br\src\skin\classic\icons\close.png --> ftp.arandaweb.com.br /arandaweb/status/Web/src/skin/classic/icons close.png
2009.10.06 12:26 B D:\sites\Projetos\statusmodajovem.com.br\src\skin\classic\icons\next.png --> ftp.arandaweb.com.br /arandaweb/status/Web/src/skin/classic/icons next.png
2009.10.06 12:26 B D:\sites\Projetos\statusmodajovem.com.br\src\skin\classic\icons\pause.png --> ftp.arandaweb.com.br /arandaweb/status/Web/src/skin/classic/icons pause.png
2009.10.06 12:26 B D:\sites\Projetos\statusmodajovem.com.br\src\skin\classic\icons\play.png --> ftp.arandaweb.com.br /arandaweb/status/Web/src/skin/classic/icons play.png
2009.10.06 12:26 B D:\sites\Projetos\statusmodajovem.com.br\src\skin\classic\icons\previous.png --> ftp.arandaweb.com.br /arandaweb/status/Web/src/skin/classic/icons previous.png
2009.10.06 12:26 B D:\sites\Projetos\statusmodajovem.com.br\src\skin\classic\icons\WS_FTP.LOG --> ftp.arandaweb.com.br /arandaweb/status/Web/src/skin/classic/icons WS_FTP.LOG
