2008.11.03 23:37 B D:\Projetos\midiasign.com.br\src\player\README --> ftp.midiasign.com.br /public_html/src/player README
2008.11.03 23:37 B D:\Projetos\midiasign.com.br\src\player\shadowbox-flv.js --> ftp.midiasign.com.br /public_html/src/player shadowbox-flv.js
2008.11.03 23:37 B D:\Projetos\midiasign.com.br\src\player\shadowbox-html.js --> ftp.midiasign.com.br /public_html/src/player shadowbox-html.js
2008.11.03 23:37 B D:\Projetos\midiasign.com.br\src\player\shadowbox-iframe.js --> ftp.midiasign.com.br /public_html/src/player shadowbox-iframe.js
2008.11.03 23:37 B D:\Projetos\midiasign.com.br\src\player\shadowbox-img.js --> ftp.midiasign.com.br /public_html/src/player shadowbox-img.js
2008.11.03 23:37 B D:\Projetos\midiasign.com.br\src\player\shadowbox-qt.js --> ftp.midiasign.com.br /public_html/src/player shadowbox-qt.js
2008.11.03 23:38 B D:\Projetos\midiasign.com.br\src\player\shadowbox-swf.js --> ftp.midiasign.com.br /public_html/src/player shadowbox-swf.js
2008.11.03 23:38 B D:\Projetos\midiasign.com.br\src\player\shadowbox-wmp.js --> ftp.midiasign.com.br /public_html/src/player shadowbox-wmp.js
2009.07.22 01:38 B D:\sites\Projetos\midiasign.com.br\src\player\README --> ftp.bgf.ind.br /public_html/bra/src/player README
2009.07.22 01:38 B D:\sites\Projetos\midiasign.com.br\src\player\shadowbox-flv.js --> ftp.bgf.ind.br /public_html/bra/src/player shadowbox-flv.js
2009.07.22 01:39 B D:\sites\Projetos\midiasign.com.br\src\player\shadowbox-html.js --> ftp.bgf.ind.br /public_html/bra/src/player shadowbox-html.js
2009.07.22 01:40 B D:\sites\Projetos\midiasign.com.br\src\player\README --> ftp.bgf.ind.br /public_html/bra/src/player README
2009.07.22 01:40 B D:\sites\Projetos\midiasign.com.br\src\player\shadowbox-flv.js --> ftp.bgf.ind.br /public_html/bra/src/player shadowbox-flv.js
2009.07.22 01:40 B D:\sites\Projetos\midiasign.com.br\src\player\shadowbox-iframe.js --> ftp.bgf.ind.br /public_html/bra/src/player shadowbox-iframe.js
2009.07.22 01:40 B D:\sites\Projetos\midiasign.com.br\src\player\shadowbox-img.js --> ftp.bgf.ind.br /public_html/bra/src/player shadowbox-img.js
2009.07.22 01:40 B D:\sites\Projetos\midiasign.com.br\src\player\shadowbox-qt.js --> ftp.bgf.ind.br /public_html/bra/src/player shadowbox-qt.js
2009.07.22 01:40 B D:\sites\Projetos\midiasign.com.br\src\player\shadowbox-swf.js --> ftp.bgf.ind.br /public_html/bra/src/player shadowbox-swf.js
2009.07.22 01:40 B D:\sites\Projetos\midiasign.com.br\src\player\shadowbox-wmp.js --> ftp.bgf.ind.br /public_html/bra/src/player shadowbox-wmp.js
2009.07.22 01:40 B D:\sites\Projetos\midiasign.com.br\src\player\WS_FTP.LOG --> ftp.bgf.ind.br /public_html/bra/src/player WS_FTP.LOG
2009.07.27 16:01 B D:\sites\Projetos\midiasign.com.br\src\player\README --> ftp.bgf.ind.br /public_html/bra/shadow/src/player README
2009.07.27 16:01 B D:\sites\Projetos\midiasign.com.br\src\player\shadowbox-flv.js --> ftp.bgf.ind.br /public_html/bra/shadow/src/player shadowbox-flv.js
2009.07.27 16:01 B D:\sites\Projetos\midiasign.com.br\src\player\shadowbox-html.js --> ftp.bgf.ind.br /public_html/bra/shadow/src/player shadowbox-html.js
2009.07.27 16:01 B D:\sites\Projetos\midiasign.com.br\src\player\shadowbox-iframe.js --> ftp.bgf.ind.br /public_html/bra/shadow/src/player shadowbox-iframe.js
2009.07.27 16:01 B D:\sites\Projetos\midiasign.com.br\src\player\shadowbox-img.js --> ftp.bgf.ind.br /public_html/bra/shadow/src/player shadowbox-img.js
2009.07.27 16:01 B D:\sites\Projetos\midiasign.com.br\src\player\shadowbox-qt.js --> ftp.bgf.ind.br /public_html/bra/shadow/src/player shadowbox-qt.js
2009.07.27 16:01 B D:\sites\Projetos\midiasign.com.br\src\player\shadowbox-swf.js --> ftp.bgf.ind.br /public_html/bra/shadow/src/player shadowbox-swf.js
2009.07.27 16:01 B D:\sites\Projetos\midiasign.com.br\src\player\shadowbox-wmp.js --> ftp.bgf.ind.br /public_html/bra/shadow/src/player shadowbox-wmp.js
2009.07.27 16:01 B D:\sites\Projetos\midiasign.com.br\src\player\WS_FTP.LOG --> ftp.bgf.ind.br /public_html/bra/shadow/src/player WS_FTP.LOG
2009.09.28 22:01 B D:\sites\Projetos\statusmodajovem.com.br\src\player\README --> ftp.oswaldoaranda.net /oswaldoaranda/Web/clientes/status/src/player README
2009.09.28 22:01 B D:\sites\Projetos\statusmodajovem.com.br\src\player\shadowbox-flv.js --> ftp.oswaldoaranda.net /oswaldoaranda/Web/clientes/status/src/player shadowbox-flv.js
2009.09.28 22:01 B D:\sites\Projetos\statusmodajovem.com.br\src\player\shadowbox-html.js --> ftp.oswaldoaranda.net /oswaldoaranda/Web/clientes/status/src/player shadowbox-html.js
2009.09.28 22:01 B D:\sites\Projetos\statusmodajovem.com.br\src\player\shadowbox-iframe.js --> ftp.oswaldoaranda.net /oswaldoaranda/Web/clientes/status/src/player shadowbox-iframe.js
2009.09.28 22:01 B D:\sites\Projetos\statusmodajovem.com.br\src\player\shadowbox-img.js --> ftp.oswaldoaranda.net /oswaldoaranda/Web/clientes/status/src/player shadowbox-img.js
2009.09.28 22:01 B D:\sites\Projetos\statusmodajovem.com.br\src\player\shadowbox-qt.js --> ftp.oswaldoaranda.net /oswaldoaranda/Web/clientes/status/src/player shadowbox-qt.js
2009.09.28 22:01 B D:\sites\Projetos\statusmodajovem.com.br\src\player\shadowbox-swf.js --> ftp.oswaldoaranda.net /oswaldoaranda/Web/clientes/status/src/player shadowbox-swf.js
2009.09.28 22:01 B D:\sites\Projetos\statusmodajovem.com.br\src\player\shadowbox-wmp.js --> ftp.oswaldoaranda.net /oswaldoaranda/Web/clientes/status/src/player shadowbox-wmp.js
2009.09.28 22:01 B D:\sites\Projetos\statusmodajovem.com.br\src\player\WS_FTP.LOG --> ftp.oswaldoaranda.net /oswaldoaranda/Web/clientes/status/src/player WS_FTP.LOG
2009.10.06 12:26 B D:\sites\Projetos\statusmodajovem.com.br\src\player\README --> ftp.arandaweb.com.br /arandaweb/status/Web/src/player README
2009.10.06 12:26 B D:\sites\Projetos\statusmodajovem.com.br\src\player\shadowbox-flv.js --> ftp.arandaweb.com.br /arandaweb/status/Web/src/player shadowbox-flv.js
2009.10.06 12:26 B D:\sites\Projetos\statusmodajovem.com.br\src\player\shadowbox-html.js --> ftp.arandaweb.com.br /arandaweb/status/Web/src/player shadowbox-html.js
2009.10.06 12:26 B D:\sites\Projetos\statusmodajovem.com.br\src\player\shadowbox-iframe.js --> ftp.arandaweb.com.br /arandaweb/status/Web/src/player shadowbox-iframe.js
2009.10.06 12:26 B D:\sites\Projetos\statusmodajovem.com.br\src\player\shadowbox-img.js --> ftp.arandaweb.com.br /arandaweb/status/Web/src/player shadowbox-img.js
2009.10.06 12:26 B D:\sites\Projetos\statusmodajovem.com.br\src\player\shadowbox-qt.js --> ftp.arandaweb.com.br /arandaweb/status/Web/src/player shadowbox-qt.js
2009.10.06 12:26 B D:\sites\Projetos\statusmodajovem.com.br\src\player\shadowbox-swf.js --> ftp.arandaweb.com.br /arandaweb/status/Web/src/player shadowbox-swf.js
2009.10.06 12:26 B D:\sites\Projetos\statusmodajovem.com.br\src\player\shadowbox-wmp.js --> ftp.arandaweb.com.br /arandaweb/status/Web/src/player shadowbox-wmp.js
2009.10.06 12:26 B D:\sites\Projetos\statusmodajovem.com.br\src\player\WS_FTP.LOG --> ftp.arandaweb.com.br /arandaweb/status/Web/src/player WS_FTP.LOG
