2008.11.03 23:35 B D:\Projetos\midiasign.com.br\src\adapter\shadowbox-base.js --> ftp.midiasign.com.br /public_html/src/adapter shadowbox-base.js
2008.11.03 23:35 B D:\Projetos\midiasign.com.br\src\adapter\shadowbox-dojo.js --> ftp.midiasign.com.br /public_html/src/adapter shadowbox-dojo.js
2008.11.03 23:35 B D:\Projetos\midiasign.com.br\src\adapter\shadowbox-ext.js --> ftp.midiasign.com.br /public_html/src/adapter shadowbox-ext.js
2008.11.03 23:35 B D:\Projetos\midiasign.com.br\src\adapter\shadowbox-jquery.js --> ftp.midiasign.com.br /public_html/src/adapter shadowbox-jquery.js
2008.11.03 23:35 B D:\Projetos\midiasign.com.br\src\adapter\shadowbox-mootools.js --> ftp.midiasign.com.br /public_html/src/adapter shadowbox-mootools.js
2008.11.03 23:35 B D:\Projetos\midiasign.com.br\src\adapter\shadowbox-prototype.js --> ftp.midiasign.com.br /public_html/src/adapter shadowbox-prototype.js
2008.11.03 23:35 B D:\Projetos\midiasign.com.br\src\adapter\shadowbox-yui.js --> ftp.midiasign.com.br /public_html/src/adapter shadowbox-yui.js
2009.07.22 01:37 B D:\sites\Projetos\midiasign.com.br\src\adapter\shadowbox-base.js --> ftp.bgf.ind.br /public_html/bra/src/adapter shadowbox-base.js
2009.07.22 01:37 B D:\sites\Projetos\midiasign.com.br\src\adapter\shadowbox-dojo.js --> ftp.bgf.ind.br /public_html/bra/src/adapter shadowbox-dojo.js
2009.07.22 01:37 B D:\sites\Projetos\midiasign.com.br\src\adapter\shadowbox-ext.js --> ftp.bgf.ind.br /public_html/bra/src/adapter shadowbox-ext.js
2009.07.22 01:37 B D:\sites\Projetos\midiasign.com.br\src\adapter\shadowbox-jquery.js --> ftp.bgf.ind.br /public_html/bra/src/adapter shadowbox-jquery.js
2009.07.22 01:37 B D:\sites\Projetos\midiasign.com.br\src\adapter\shadowbox-mootools.js --> ftp.bgf.ind.br /public_html/bra/src/adapter shadowbox-mootools.js
2009.07.22 01:37 B D:\sites\Projetos\midiasign.com.br\src\adapter\shadowbox-prototype.js --> ftp.bgf.ind.br /public_html/bra/src/adapter shadowbox-prototype.js
2009.07.22 01:37 B D:\sites\Projetos\midiasign.com.br\src\adapter\shadowbox-yui.js --> ftp.bgf.ind.br /public_html/bra/src/adapter shadowbox-yui.js
2009.07.22 01:37 B D:\sites\Projetos\midiasign.com.br\src\adapter\WS_FTP.LOG --> ftp.bgf.ind.br /public_html/bra/src/adapter WS_FTP.LOG
2009.07.27 16:01 B D:\sites\Projetos\midiasign.com.br\src\adapter\shadowbox-base.js --> ftp.bgf.ind.br /public_html/bra/shadow/src/adapter shadowbox-base.js
2009.07.27 16:01 B D:\sites\Projetos\midiasign.com.br\src\adapter\shadowbox-dojo.js --> ftp.bgf.ind.br /public_html/bra/shadow/src/adapter shadowbox-dojo.js
2009.07.27 16:01 B D:\sites\Projetos\midiasign.com.br\src\adapter\shadowbox-ext.js --> ftp.bgf.ind.br /public_html/bra/shadow/src/adapter shadowbox-ext.js
2009.07.27 16:01 B D:\sites\Projetos\midiasign.com.br\src\adapter\shadowbox-jquery.js --> ftp.bgf.ind.br /public_html/bra/shadow/src/adapter shadowbox-jquery.js
2009.07.27 16:01 B D:\sites\Projetos\midiasign.com.br\src\adapter\shadowbox-mootools.js --> ftp.bgf.ind.br /public_html/bra/shadow/src/adapter shadowbox-mootools.js
2009.07.27 16:01 B D:\sites\Projetos\midiasign.com.br\src\adapter\shadowbox-prototype.js --> ftp.bgf.ind.br /public_html/bra/shadow/src/adapter shadowbox-prototype.js
2009.07.27 16:01 B D:\sites\Projetos\midiasign.com.br\src\adapter\shadowbox-yui.js --> ftp.bgf.ind.br /public_html/bra/shadow/src/adapter shadowbox-yui.js
2009.07.27 16:01 B D:\sites\Projetos\midiasign.com.br\src\adapter\WS_FTP.LOG --> ftp.bgf.ind.br /public_html/bra/shadow/src/adapter WS_FTP.LOG
2009.09.28 22:01 B D:\sites\Projetos\statusmodajovem.com.br\src\adapter\shadowbox-base.js --> ftp.oswaldoaranda.net /oswaldoaranda/Web/clientes/status/src/adapter shadowbox-base.js
2009.09.28 22:01 B D:\sites\Projetos\statusmodajovem.com.br\src\adapter\shadowbox-dojo.js --> ftp.oswaldoaranda.net /oswaldoaranda/Web/clientes/status/src/adapter shadowbox-dojo.js
2009.09.28 22:01 B D:\sites\Projetos\statusmodajovem.com.br\src\adapter\shadowbox-ext.js --> ftp.oswaldoaranda.net /oswaldoaranda/Web/clientes/status/src/adapter shadowbox-ext.js
2009.09.28 22:01 B D:\sites\Projetos\statusmodajovem.com.br\src\adapter\shadowbox-jquery.js --> ftp.oswaldoaranda.net /oswaldoaranda/Web/clientes/status/src/adapter shadowbox-jquery.js
2009.09.28 22:01 B D:\sites\Projetos\statusmodajovem.com.br\src\adapter\shadowbox-mootools.js --> ftp.oswaldoaranda.net /oswaldoaranda/Web/clientes/status/src/adapter shadowbox-mootools.js
2009.09.28 22:01 B D:\sites\Projetos\statusmodajovem.com.br\src\adapter\shadowbox-prototype.js --> ftp.oswaldoaranda.net /oswaldoaranda/Web/clientes/status/src/adapter shadowbox-prototype.js
2009.09.28 22:01 B D:\sites\Projetos\statusmodajovem.com.br\src\adapter\shadowbox-yui.js --> ftp.oswaldoaranda.net /oswaldoaranda/Web/clientes/status/src/adapter shadowbox-yui.js
2009.09.28 22:01 B D:\sites\Projetos\statusmodajovem.com.br\src\adapter\WS_FTP.LOG --> ftp.oswaldoaranda.net /oswaldoaranda/Web/clientes/status/src/adapter WS_FTP.LOG
2009.10.06 12:25 B D:\sites\Projetos\statusmodajovem.com.br\src\adapter\shadowbox-base.js --> ftp.arandaweb.com.br /arandaweb/status/Web/src/adapter shadowbox-base.js
2009.10.06 12:25 B D:\sites\Projetos\statusmodajovem.com.br\src\adapter\shadowbox-dojo.js --> ftp.arandaweb.com.br /arandaweb/status/Web/src/adapter shadowbox-dojo.js
2009.10.06 12:25 B D:\sites\Projetos\statusmodajovem.com.br\src\adapter\shadowbox-ext.js --> ftp.arandaweb.com.br /arandaweb/status/Web/src/adapter shadowbox-ext.js
2009.10.06 12:25 B D:\sites\Projetos\statusmodajovem.com.br\src\adapter\shadowbox-jquery.js --> ftp.arandaweb.com.br /arandaweb/status/Web/src/adapter shadowbox-jquery.js
2009.10.06 12:25 B D:\sites\Projetos\statusmodajovem.com.br\src\adapter\shadowbox-mootools.js --> ftp.arandaweb.com.br /arandaweb/status/Web/src/adapter shadowbox-mootools.js
2009.10.06 12:25 B D:\sites\Projetos\statusmodajovem.com.br\src\adapter\shadowbox-prototype.js --> ftp.arandaweb.com.br /arandaweb/status/Web/src/adapter shadowbox-prototype.js
2009.10.06 12:25 B D:\sites\Projetos\statusmodajovem.com.br\src\adapter\shadowbox-yui.js --> ftp.arandaweb.com.br /arandaweb/status/Web/src/adapter shadowbox-yui.js
2009.10.06 12:25 B D:\sites\Projetos\statusmodajovem.com.br\src\adapter\WS_FTP.LOG --> ftp.arandaweb.com.br /arandaweb/status/Web/src/adapter WS_FTP.LOG
